2022-05-09T07:47:42.980Z GET /api/users/getAll 304 - - 122.661 ms
2022-05-09T07:47:42.997Z GET /api/users/getUser/624c835d7351a7b79119d78f 304 - - 102.260 ms
2022-05-09T07:47:43.888Z GET /api/issues/getProjectIssue/624d202e9476412f7de1cc69 304 - - 75.889 ms
2022-05-09T07:47:45.914Z GET /api/users/getAll 304 - - 63.402 ms
2022-05-09T07:47:45.926Z GET /api/users/getUser/624c835d7351a7b79119d78f 304 - - 74.099 ms
2022-05-09T07:47:54.616Z POST /api/issues/createIssue 200 224 - 90.952 ms
2022-05-09T07:47:56.965Z GET /api/issues/getProjectIssue/624d202e9476412f7de1cc69 200 226 - 64.158 ms
2022-05-09T07:48:00.248Z PUT /api/issues/updateIssue/6278c72a532253e83b983a87 200 40 - 72.762 ms
2022-05-09T07:48:01.575Z GET /api/projects/getProject/624c835d7351a7b79119d78f 200 1232 - 79.021 ms
2022-05-09T07:48:01.577Z GET /api/issues/getIssue/624c835d7351a7b79119d78f 304 - - 85.827 ms
2022-05-09T07:48:02.981Z GET /api/users/getAll 304 - - 69.137 ms
2022-05-09T07:48:02.993Z GET /api/users/getUser/624c835d7351a7b79119d78f 304 - - 67.992 ms
2022-05-09T10:14:55.536Z GET /api/issues/getProjectIssue/624d37915e431b7c9f33c2ea 304 - - 316.734 ms
2022-05-09T10:14:57.287Z GET /api/users/getAll 304 - - 305.662 ms
2022-05-09T10:14:57.313Z GET /api/users/getUser/624c835d7351a7b79119d78f 304 - - 313.005 ms
2022-05-09T10:15:00.772Z DELETE /api/projects/deleteProject/624d37915e431b7c9f33c2ea 200 25 - 128.460 ms
2022-05-09T10:15:02.225Z GET /api/projects/getAll 200 1329 - 75.450 ms
2022-05-09T10:15:07.215Z GET /api/users/getAll 304 - - 70.270 ms
2022-05-09T10:15:07.218Z GET /api/users/getUser/624c835d7351a7b79119d78f 304 - - 68.771 ms
2022-05-09T10:15:08.044Z DELETE /api/projects/deleteProject/6274f1955ab7c1de29dafb3a 400 33 - 67.517 ms
2022-05-09T10:23:46.366Z GET /api/projects/getAll 304 - - 115.666 ms
2022-05-09T10:23:47.306Z GET /api/users/getUser/624c835d7351a7b79119d78f 304 - - 82.957 ms
2022-05-09T10:23:47.311Z GET /api/users/getAll 304 - - 80.705 ms
2022-05-09T10:23:49.356Z GET /api/issues/getProjectIssue/624d202e9476412f7de1cc69 200 232 - 81.122 ms
2022-05-09T10:23:51.207Z GET /api/users/getAll 304 - - 72.314 ms
2022-05-09T10:23:51.220Z GET /api/users/getUser/624c835d7351a7b79119d78f 304 - - 85.009 ms
2022-05-09T10:24:03.337Z DELETE /api/projects/deleteProject/624d202e9476412f7de1cc69 200 25 - 116.356 ms
2022-05-09T10:24:05.343Z GET /api/projects/getAll 200 1215 - 76.595 ms
2022-05-09T10:24:06.997Z GET /api/users/getAll 304 - - 99.369 ms
2022-05-09T10:24:07.006Z GET /api/users/getUser/624c835d7351a7b79119d78f 304 - - 98.599 ms
2022-05-09T10:24:08.379Z DELETE /api/projects/deleteProject/6274f1955ab7c1de29dafb3a 400 33 - 69.355 ms
2022-05-09T10:24:19.183Z DELETE /api/projects/deleteProject/6274f1955ab7c1de29dafb3a 400 33 - 71.732 ms
2022-05-09T10:24:31.689Z GET /api/projects/deleteProject/6274f1955ab7c1de29dafb3a 404 190 - 1.510 ms
2022-05-09T10:24:47.892Z DELETE /api/projects/deleteProject/6274f1955ab7c1de29dafb3a 400 33 - 112.984 ms
2022-05-09T10:24:49.966Z GET /api/users/getAll 304 - - 68.470 ms
2022-05-09T10:24:49.980Z GET /api/users/getUser/624c835d7351a7b79119d78f 304 - - 85.076 ms
2022-05-09T10:24:53.327Z DELETE /api/projects/deleteProject/6274f1955ab7c1de29dafb3a 400 33 - 63.522 ms
2022-05-09T10:25:39.582Z GET /api/users/getUser/624c835d7351a7b79119d78f 304 - - 90.687 ms
2022-05-09T10:25:39.595Z GET /api/users/getAll 304 - - 121.975 ms
2022-05-09T10:25:41.590Z DELETE /api/projects/deleteProject/6274f1955ab7c1de29dafb3a 400 33 - 131.683 ms
2022-05-09T10:26:09.962Z GET /api/users/getAll 304 - - 241.421 ms
2022-05-09T10:26:09.973Z GET /api/users/getUser/624c835d7351a7b79119d78f 304 - - 194.117 ms
2022-05-09T10:26:11.865Z DELETE /api/projects/deleteProject/6274f1955ab7c1de29dafb3a 200 33 - 83.207 ms
2022-05-09T10:26:13.911Z GET /api/projects/getAll 304 - - 74.955 ms
2022-05-09T10:26:16.905Z GET /api/users/getAll 304 - - 79.133 ms
2022-05-09T10:26:16.908Z GET /api/users/getUser/624c835d7351a7b79119d78f 304 - - 77.925 ms
2022-05-09T10:26:19.510Z DELETE /api/projects/deleteProject/6274f1955ab7c1de29dafb3a 200 33 - 71.106 ms
2022-05-09T10:26:21.479Z GET /api/projects/getAll 304 - - 79.518 ms
2022-05-09T10:26:41.176Z GET /api/users/getUser/624c835d7351a7b79119d78f 304 - - 86.918 ms
2022-05-09T10:26:41.205Z GET /api/users/getAll 304 - - 121.919 ms
2022-05-09T10:26:42.143Z DELETE /api/projects/deleteProject/626e2a9a2e7ed04edc990419 200 25 - 117.054 ms
2022-05-09T10:26:43.499Z GET /api/projects/getAll 200 1083 - 78.020 ms
2022-05-09T10:29:33.657Z GET /api/issues/getIssue/624c835d7351a7b79119d78f 304 - - 100.209 ms
2022-05-09T10:29:33.668Z GET /api/projects/getProject/624c835d7351a7b79119d78f 200 856 - 103.996 ms
2022-05-09T10:29:35.301Z GET /api/users/getAll 304 - - 79.916 ms
2022-05-09T10:29:35.316Z GET /api/users/getUser/624c835d7351a7b79119d78f 304 - - 86.179 ms
2022-05-09T10:29:37.789Z GET /api/issues/getIssue/624c835d7351a7b79119d78f 304 - - 68.350 ms
2022-05-09T10:29:37.812Z GET /api/projects/getProject/624c835d7351a7b79119d78f 304 - - 79.083 ms
2022-05-09T10:29:40.071Z GET /api/projects/getAll 304 - - 71.955 ms
2022-05-09T10:29:41.459Z GET /api/users/getAll 304 - - 118.956 ms
2022-05-09T10:29:41.462Z GET /api/users/getUser/624c835d7351a7b79119d78f 304 - - 117.837 ms
2022-05-09T10:29:42.257Z DELETE /api/projects/deleteProject/6274f1955ab7c1de29dafb3a 200 33 - 169.181 ms
2022-05-09T10:29:43.320Z GET /api/projects/getAll 304 - - 73.872 ms
2022-05-09T10:29:44.614Z GET /api/users/getAll 304 - - 69.917 ms
2022-05-09T10:29:44.626Z GET /api/users/getUser/624c835d7351a7b79119d78f 304 - - 74.000 ms
2022-05-09T10:29:45.727Z DELETE /api/projects/deleteProject/626f7915c511c6b6ba5628d4 200 33 - 373.648 ms
2022-05-09T10:29:46.876Z GET /api/projects/getAll 304 - - 74.062 ms
2022-05-09T10:29:49.542Z GET /api/users/getUser/624c835d7351a7b79119d78f 304 - - 167.893 ms
2022-05-09T10:29:49.595Z GET /api/users/getAll 304 - - 224.545 ms
2022-05-09T10:29:50.499Z DELETE /api/projects/deleteProject/625af2f1b4d88f662b46e1bf 200 25 - 197.320 ms
2022-05-09T10:29:51.608Z GET /api/projects/getAll 200 960 - 69.057 ms
2022-05-09T10:29:53.211Z GET /api/users/getAll 304 - - 68.789 ms
2022-05-09T10:29:53.215Z GET /api/users/getUser/624c835d7351a7b79119d78f 304 - - 72.336 ms
2022-05-09T10:29:53.904Z DELETE /api/projects/deleteProject/624d359d5e431b7c9f33c2e5 200 25 - 105.064 ms
2022-05-09T10:29:55.139Z GET /api/projects/getAll 200 830 - 69.730 ms
2022-05-09T10:32:13.935Z GET /api/users/getAll 304 - - 205.412 ms
2022-05-09T10:32:13.937Z GET /api/users/getUser/624c835d7351a7b79119d78f 304 - - 159.398 ms
2022-05-09T10:32:15.247Z DELETE /api/projects/deleteProject/624d20309476412f7de1cc6f 200 25 - 120.970 ms
2022-05-09T10:32:40.184Z GET /api/users/getAll - - - - ms
2022-05-09T10:32:40.187Z GET /api/users/getUser/624c835d7351a7b79119d78f - - - - ms
2022-05-09T10:32:41.339Z GET /api/users/getAll 200 1896 - 81.619 ms
2022-05-09T10:32:41.381Z GET /api/users/getUser/624c835d7351a7b79119d78f 200 39 - 81.295 ms
2022-05-09T10:33:25.173Z GET /api/projects/getAll 200 716 - 83.832 ms
2022-05-09T10:33:27.066Z GET /api/users/getAll 304 - - 78.919 ms
2022-05-09T10:33:27.072Z GET /api/users/getUser/624c835d7351a7b79119d78f 304 - - 80.201 ms
2022-05-09T10:33:27.837Z DELETE /api/projects/deleteProject/624d33a3405f077dc2d0fdeb 200 25 - 128.468 ms
2022-05-09T10:33:29.129Z GET /api/projects/getAll 200 586 - 74.065 ms
2022-05-09T10:33:30.173Z GET /api/users/getAll 304 - - 82.254 ms
2022-05-09T10:33:30.200Z GET /api/users/getUser/624c835d7351a7b79119d78f 304 - - 114.438 ms
2022-05-09T10:33:31.021Z DELETE /api/projects/deleteProject/624d202f9476412f7de1cc6c 200 25 - 118.725 ms
2022-05-09T10:33:32.788Z GET /api/projects/getAll 200 472 - 80.942 ms
2022-05-09T10:33:33.702Z GET /api/users/getAll 304 - - 86.414 ms
2022-05-09T10:33:33.706Z GET /api/users/getUser/624c835d7351a7b79119d78f 304 - - 86.191 ms
2022-05-09T10:33:35.953Z GET /api/issues/getProjectIssue/624d230381b6c5cfa85391a6 304 - - 70.111 ms
2022-05-09T10:33:37.930Z GET /api/users/getAll 304 - - 73.602 ms
2022-05-09T10:33:37.949Z GET /api/users/getUser/624c835d7351a7b79119d78f 304 - - 90.145 ms
2022-05-09T10:34:49.917Z GET /api/projects/getAll 304 - - 180.581 ms
2022-05-09T10:34:51.324Z GET /api/users/getAll 304 - - 83.084 ms
2022-05-09T10:34:51.329Z GET /api/users/getUser/624c835d7351a7b79119d78f 304 - - 86.551 ms
2022-05-09T10:53:54.873Z GET /api/issues/getProjectIssue/624d230381b6c5cfa85391a6 304 - - 160.143 ms
2022-05-09T10:53:55.916Z GET /api/users/getAll 304 - - 90.450 ms
2022-05-09T10:53:55.935Z GET /api/users/getUser/624c835d7351a7b79119d78f 304 - - 105.287 ms
2022-05-09T10:54:05.221Z POST /api/issues/createIssue 200 221 - 104.581 ms
2022-05-09T10:54:08.338Z GET /api/issues/getProjectIssue/624d230381b6c5cfa85391a6 200 223 - 74.760 ms
2022-05-09T10:54:12.597Z POST /api/issues/6278f2cd495976f3fe02a80b 404 175 - 2.053 ms
2022-05-09T10:54:35.387Z GET /api/issues/6278f2cd495976f3fe02a80b 404 174 - 35.660 ms
2022-05-09T10:54:38.471Z GET /api/issues/6278f2cd495976f3fe02a80b 404 174 - 1.272 ms
2022-05-09T10:55:20.354Z GET /api/issues/detailIssue/6278f2cd495976f3fe02a80b 200 221 - 1039.018 ms
2022-05-09T10:55:27.469Z GET /api/issues/detailIssue/6278f2cd495976f3fe02a80b 200 221 - 87.571 ms
2022-05-09T10:55:40.470Z GET /api/issues/detailIssue/6278f2cd495976f3fe02a80b 304 - - 976.965 ms
2022-05-09T10:58:40.236Z GET /api/issues/detailIssue/6278f2cd495976f3fe02a80b 304 - - 928.810 ms
2022-05-09T10:59:10.329Z GET /api/issues/detailIssue/6278f2cd495976f3fe02a80b 200 221 - 146.194 ms
2022-05-09T11:24:56.772Z GET /api/issues/getIssue/624c835d7351a7b79119d78f 304 - - 81.701 ms
2022-05-09T11:24:56.789Z GET /api/projects/getProject/624c835d7351a7b79119d78f 200 245 - 85.362 ms
2022-05-09T11:25:19.570Z GET /api/projects/getAll 304 - - 67.250 ms
2022-05-09T11:33:01.101Z POST /api/users/login 200 233 - 251.401 ms
2022-05-09T11:33:01.289Z GET /api/projects/getAll 304 - - 123.871 ms
2022-05-09T11:33:02.530Z GET /api/projects/getProject/624c835d7351a7b79119d78f 304 - - 78.810 ms
2022-05-09T11:33:02.572Z GET /api/issues/getIssue/624c835d7351a7b79119d78f 304 - - 128.743 ms
2022-05-09T11:33:04.245Z GET /api/projects/getAll 304 - - 125.271 ms
2022-05-09T11:33:05.451Z GET /api/users/getAll 304 - - 113.233 ms
2022-05-09T11:33:05.461Z GET /api/users/getUser/624c835d7351a7b79119d78f 304 - - 100.375 ms
2022-05-09T11:33:06.419Z GET /api/issues/getProjectIssue/624d230381b6c5cfa85391a6 304 - - 116.376 ms
2022-05-09T11:33:07.791Z GET /api/issues/detailIssue/6278f2cd495976f3fe02a80b 304 - - 114.754 ms
2022-05-09T11:33:27.437Z GET /api/issues/detailIssue/6278f2cd495976f3fe02a80b 304 - - 612.200 ms
2022-05-09T11:33:59.912Z GET /api/issues/detailIssue/6278f2cd495976f3fe02a80b 304 - - 1951.081 ms
2022-05-09T11:34:23.126Z GET /api/issues/detailIssue/6278f2cd495976f3fe02a80b 200 221 - 133.834 ms
2022-05-09T11:34:48.535Z PUT /api/issues/updateIssue/6278f2cd495976f3fe02a80b 200 40 - 141.166 ms
2022-05-09T11:37:21.539Z PUT /api/issues/updateIssue/6278f2cd495976f3fe02a80b 200 40 - 161.015 ms
2022-05-09T11:38:27.420Z GET /api/issues/detailIssue/6278f2cd495976f3fe02a80b 200 227 - 1330.849 ms
2022-05-09T11:38:31.724Z PUT /api/issues/updateIssue/6278f2cd495976f3fe02a80b 200 40 - 88.065 ms
2022-05-09T11:38:38.191Z GET /api/issues/detailIssue/6278f2cd495976f3fe02a80b 200 227 - 58.097 ms
2022-05-09T11:38:43.791Z GET /api/issues/getProjectIssue/624d230381b6c5cfa85391a6 200 229 - 61.296 ms
2022-05-09T11:38:45.502Z GET /api/issues/detailIssue/6278f2cd495976f3fe02a80b 304 - - 67.662 ms
2022-05-09T11:38:49.100Z PUT /api/issues/updateIssue/6278f2cd495976f3fe02a80b 200 40 - 75.206 ms
2022-05-09T11:39:52.505Z GET /api/issues/detailIssue/6278f2cd495976f3fe02a80b 200 221 - 868.574 ms
2022-05-09T11:39:54.964Z GET /api/issues/detailIssue/6278f2cd495976f3fe02a80b 200 221 - 66.341 ms
2022-05-09T11:40:06.866Z GET /api/issues/detailIssue/6278f2cd495976f3fe02a80b 200 221 - 70.986 ms
2022-05-09T11:40:13.596Z PUT /api/issues/updateIssue/6278f2cd495976f3fe02a80b 200 40 - 89.193 ms
2022-05-09T11:40:17.532Z GET /api/issues/detailIssue/6278f2cd495976f3fe02a80b 200 225 - 74.725 ms
2022-05-09T11:40:25.664Z GET /api/issues/detailIssue/6278f2cd495976f3fe02a80b 304 - - 747.400 ms
2022-05-09T11:40:34.311Z PUT /api/issues/updateIssue/6278f2cd495976f3fe02a80b 200 40 - 87.127 ms
2022-05-09T11:40:35.271Z PUT /api/issues/updateIssue/6278f2cd495976f3fe02a80b 200 40 - 74.129 ms
2022-05-09T11:40:37.056Z GET /api/issues/detailIssue/6278f2cd495976f3fe02a80b 200 225 - 67.999 ms
2022-05-09T11:40:52.564Z GET /api/projects/getAll 304 - - 92.736 ms
2022-05-09T11:40:54.183Z GET /api/users/getAll 304 - - 69.256 ms
2022-05-09T11:40:54.198Z GET /api/users/getUser/624c835d7351a7b79119d78f 304 - - 75.999 ms
2022-05-09T11:40:55.329Z GET /api/issues/getProjectIssue/624d351e70dd67cd71ddc052 304 - - 81.999 ms
2022-05-09T11:40:55.837Z GET /api/users/getAll 304 - - 76.626 ms
2022-05-09T11:40:55.843Z GET /api/users/getUser/624c835d7351a7b79119d78f 304 - - 78.610 ms
2022-05-09T11:41:04.384Z POST /api/issues/createIssue 200 223 - 88.378 ms
2022-05-09T11:41:06.699Z GET /api/issues/getProjectIssue/624d351e70dd67cd71ddc052 200 225 - 70.644 ms
2022-05-09T11:41:08.284Z GET /api/issues/detailIssue/6278fdd0f388b3297eff3ae3 200 223 - 75.637 ms
2022-05-09T11:41:12.023Z PUT /api/issues/updateIssue/6278fdd0f388b3297eff3ae3 200 40 - 72.940 ms
2022-05-09T11:41:13.035Z GET /api/issues/getProjectIssue/624d351e70dd67cd71ddc052 200 231 - 68.237 ms
2022-05-09T11:41:14.677Z GET /api/issues/detailIssue/6278fdd0f388b3297eff3ae3 200 229 - 81.147 ms
2022-05-09T11:43:19.107Z GET /api/issues/detailIssue/6278fdd0f388b3297eff3ae3 304 - - 989.595 ms
2022-05-09T11:43:23.587Z PUT /api/issues/updateIssue/6278fdd0f388b3297eff3ae3 200 40 - 134.100 ms
2022-05-09T11:43:25.592Z GET /api/issues/detailIssue/6278fdd0f388b3297eff3ae3 200 227 - 116.120 ms
2022-05-09T11:44:13.287Z GET /api/issues/detailIssue/6278fdd0f388b3297eff3ae3 304 - - 1872.673 ms
2022-05-09T11:44:14.431Z GET /api/issues/detailIssue/6278fdd0f388b3297eff3ae3 200 227 - 53.207 ms
2022-05-09T11:44:17.061Z GET /api/projects/getAll 304 - - 54.566 ms
2022-05-09T11:44:18.571Z GET /api/users/getAll 304 - - 81.474 ms
2022-05-09T11:44:18.579Z GET /api/users/getUser/624c835d7351a7b79119d78f 304 - - 87.427 ms
2022-05-09T11:44:19.930Z GET /api/issues/getProjectIssue/624d230381b6c5cfa85391a6 200 227 - 73.069 ms
2022-05-09T11:44:21.169Z GET /api/issues/detailIssue/6278f2cd495976f3fe02a80b 304 - - 70.321 ms
2022-05-09T11:44:24.896Z PUT /api/issues/updateIssue/6278f2cd495976f3fe02a80b 200 40 - 114.207 ms
2022-05-09T11:44:25.463Z GET /api/projects/getAll 304 - - 74.851 ms
2022-05-09T11:44:30.391Z GET /api/users/getAll 304 - - 69.920 ms
2022-05-09T11:44:30.397Z GET /api/users/getUser/624c835d7351a7b79119d78f 304 - - 55.687 ms
2022-05-09T11:44:32.488Z GET /api/issues/getProjectIssue/624d230381b6c5cfa85391a6 200 231 - 58.217 ms
2022-05-09T11:44:34.264Z GET /api/issues/detailIssue/6278f2cd495976f3fe02a80b 200 229 - 59.456 ms
2022-05-09T16:14:01.589Z GET /api/issues/getIssue/624c835d7351a7b79119d78f 304 - - 138.947 ms
2022-05-09T16:14:01.595Z GET /api/projects/getProject/624c835d7351a7b79119d78f 304 - - 94.005 ms
2022-05-09T16:15:14.781Z POST /api/users/login 200 233 - 198.090 ms
2022-05-09T16:15:14.943Z GET /api/projects/getAll 304 - - 91.004 ms
2022-05-09T16:15:16.667Z GET /api/users/getAll 304 - - 62.100 ms
2022-05-09T16:15:16.678Z GET /api/users/getUser/624c835d7351a7b79119d78f 304 - - 77.183 ms
2022-05-09T16:15:18.032Z GET /api/issues/getProjectIssue/624d230381b6c5cfa85391a6 304 - - 72.878 ms
2022-05-09T16:15:25.092Z GET /api/issues/detailIssue/6278f2cd495976f3fe02a80b 304 - - 62.916 ms
2022-05-09T16:15:29.140Z GET /api/issues/getProjectIssue/624d230381b6c5cfa85391a6 304 - - 63.806 ms
2022-05-09T16:15:30.665Z GET /api/issues/getIssue/624c835d7351a7b79119d78f 304 - - 72.481 ms
2022-05-09T16:15:30.673Z GET /api/projects/getProject/624c835d7351a7b79119d78f 304 - - 75.323 ms
2022-05-09T16:15:45.773Z GET /api/projects/getAll 304 - - 61.416 ms
2022-05-09T16:15:47.276Z GET /api/users/getAll 304 - - 60.111 ms
2022-05-09T16:15:47.295Z GET /api/users/getUser/624c835d7351a7b79119d78f 304 - - 68.576 ms
2022-05-09T16:15:52.793Z GET /api/issues/getProjectIssue/624d230381b6c5cfa85391a6 304 - - 63.140 ms
2022-05-09T16:15:56.355Z GET /api/users/getAll 304 - - 61.978 ms
2022-05-09T16:15:56.382Z GET /api/users/getUser/624c835d7351a7b79119d78f 304 - - 85.863 ms
2022-05-09T16:15:59.341Z DELETE /api/projects/deleteProject/624d230381b6c5cfa85391a6 200 25 - 132.774 ms
2022-05-09T16:16:00.689Z GET /api/projects/getAll 200 358 - 62.081 ms
2022-05-09T16:16:02.561Z GET /api/users/getAll 304 - - 65.111 ms
2022-05-09T16:16:02.563Z GET /api/users/getUser/624c835d7351a7b79119d78f 304 - - 65.247 ms
2022-05-09T16:16:03.355Z DELETE /api/projects/deleteProject/626f7915c511c6b6ba5628d4 200 33 - 61.722 ms
2022-05-09T16:16:10.574Z GET /api/projects/getAll 304 - - 73.488 ms
2022-05-09T16:16:35.353Z POST /api/users/login 200 237 - 144.180 ms
2022-05-09T16:16:35.494Z GET /api/projects/getAll 304 - - 61.397 ms
2022-05-09T16:18:19.188Z GET /api/projects/getProject/626b7bb9e640ff669441da59 304 - - 70.164 ms
2022-05-09T16:18:19.193Z GET /api/issues/getIssue/626b7bb9e640ff669441da59 304 - - 71.828 ms
2022-05-09T16:18:20.411Z GET /api/projects/getAll 304 - - 63.964 ms
2022-05-09T16:18:21.371Z GET /api/projects/getAll 304 - - 62.420 ms
2022-05-09T16:18:22.073Z GET /api/projects/getAll 304 - - 60.336 ms
2022-05-09T16:18:33.281Z GET /api/projects/getProject/626b7bb9e640ff669441da59 304 - - 51.597 ms
2022-05-09T16:18:33.288Z GET /api/issues/getIssue/626b7bb9e640ff669441da59 304 - - 60.070 ms
2022-05-09T16:18:34.655Z GET /api/projects/getAll 304 - - 60.607 ms
2022-05-09T16:22:01.732Z GET /api/users/getAll 304 - - 62.281 ms
2022-05-09T16:22:01.737Z GET /api/users/getUser/626b7bb9e640ff669441da59 304 - - 61.697 ms
2022-05-09T16:22:02.968Z GET /api/issues/getProjectIssue/624d351e70dd67cd71ddc052 200 229 - 59.493 ms
2022-05-09T16:22:04.517Z GET /api/issues/detailIssue/6278fdd0f388b3297eff3ae3 304 - - 61.731 ms
2022-05-09T16:22:08.722Z PUT /api/issues/updateIssue/6278fdd0f388b3297eff3ae3 200 40 - 79.815 ms
2022-05-09T16:22:09.489Z GET /api/projects/getAll 304 - - 68.179 ms
2022-05-09T16:22:11.054Z GET /api/users/getUser/626b7bb9e640ff669441da59 304 - - 50.557 ms
2022-05-09T16:22:11.061Z GET /api/users/getAll 304 - - 62.243 ms
2022-05-09T16:22:13.565Z GET /api/projects/getAll 304 - - 60.139 ms
2022-05-09T16:22:33.223Z GET /api/users/getAll 304 - - 66.083 ms
2022-05-09T16:22:33.229Z GET /api/users/getUser/626b7bb9e640ff669441da59 304 - - 64.977 ms
2022-05-09T16:36:28.960Z GET /api/issues/getProjectIssue/624d351e70dd67cd71ddc052 200 231 - 53.876 ms
2022-05-09T16:36:32.986Z GET /api/issues/detailIssue/6278fdd0f388b3297eff3ae3 200 229 - 58.082 ms
2022-05-09T16:36:35.924Z GET /api/issues/getProjectIssue/624d351e70dd67cd71ddc052 304 - - 53.621 ms
2022-05-09T16:38:06.836Z GET /api/issues/detailIssue/6278fdd0f388b3297eff3ae3 304 - - 92.992 ms
2022-05-09T16:38:10.801Z PUT /api/issues/updateIssue/6278fdd0f388b3297eff3ae3 200 40 - 74.709 ms
2022-05-09T16:38:11.641Z GET /api/projects/getAll 304 - - 59.634 ms
2022-05-09T16:38:19.539Z GET /api/users/getAll 304 - - 99.351 ms
2022-05-09T16:38:19.542Z GET /api/users/getUser/626b7bb9e640ff669441da59 304 - - 87.327 ms
2022-05-09T16:38:20.449Z GET /api/issues/getProjectIssue/626f7915c511c6b6ba5628d4 304 - - 66.124 ms
2022-05-09T16:38:21.774Z GET /api/issues/detailIssue/626f863cc90535c536beb58b 200 232 - 73.506 ms
2022-05-09T16:38:24.999Z PUT /api/issues/updateIssue/626f863cc90535c536beb58b 200 40 - 105.732 ms
2022-05-09T16:38:28.994Z PUT /api/issues/updateIssue/626f863cc90535c536beb58b 200 40 - 79.102 ms
2022-05-09T16:39:16.650Z GET /api/issues/detailIssue/626f863cc90535c536beb58b 200 234 - 74.782 ms
2022-05-09T16:39:21.004Z PUT /api/issues/updateIssue/626f863cc90535c536beb58b 200 40 - 74.826 ms
2022-05-09T16:39:26.623Z GET /api/issues/detailIssue/626f863cc90535c536beb58b 200 228 - 66.364 ms
2022-05-09T16:41:24.747Z GET /api/issues/detailIssue/626f863cc90535c536beb58b 304 - - 507.316 ms
2022-05-09T16:41:29.976Z PUT /api/issues/updateIssue/626f863cc90535c536beb58b 200 40 - 84.010 ms
2022-05-10T05:08:37.846Z GET /api/projects/getAll 304 - - 775.916 ms
2022-05-10T05:08:38.804Z GET /api/issues/getIssue/626b7bb9e640ff669441da59 304 - - 415.896 ms
2022-05-10T05:08:38.821Z GET /api/projects/getProject/626b7bb9e640ff669441da59 304 - - 427.974 ms
2022-05-10T05:08:39.731Z GET /api/issues/detailIssue/62752391cd41c815dc241658 200 226 - 58.869 ms
2022-05-10T05:08:42.576Z PUT /api/issues/updateIssue/62752391cd41c815dc241658 200 40 - 66.050 ms
2022-05-10T05:08:43.999Z GET /api/issues/getIssue/626b7bb9e640ff669441da59 200 468 - 78.820 ms
2022-05-10T05:08:44.018Z GET /api/projects/getProject/626b7bb9e640ff669441da59 304 - - 90.630 ms
2022-05-10T05:08:45.099Z GET /api/issues/detailIssue/62752391cd41c815dc241658 200 232 - 74.615 ms
2022-05-10T05:11:39.434Z GET /api/issues/detailIssue/62752391cd41c815dc241658 304 - - 1462.453 ms
2022-05-10T05:11:44.183Z PUT /api/issues/updateIssue/62752391cd41c815dc241658 200 40 - 162.538 ms
2022-05-10T05:11:45.224Z GET /api/issues/detailIssue/62752391cd41c815dc241658 200 230 - 61.482 ms
2022-05-10T05:12:18.074Z GET /api/issues/detailIssue/62752391cd41c815dc241658 304 - - 861.275 ms
2022-05-10T05:12:25.098Z GET /api/issues/detailIssue/62752391cd41c815dc241658 200 230 - 90.588 ms
2022-05-10T05:13:15.117Z GET /api/issues/detailIssue/62752391cd41c815dc241658 304 - - 1171.229 ms
2022-05-10T05:13:18.457Z GET /api/issues/detailIssue/62752391cd41c815dc241658 304 - - 68.223 ms
2022-05-10T05:13:32.209Z GET /api/projects/getAll 304 - - 89.888 ms
2022-05-10T05:13:33.042Z GET /api/users/getAll 304 - - 80.355 ms
2022-05-10T05:13:33.050Z GET /api/users/getUser/626b7bb9e640ff669441da59 304 - - 80.515 ms
2022-05-10T05:13:33.802Z GET /api/issues/getProjectIssue/624d351e70dd67cd71ddc052 200 225 - 66.285 ms
2022-05-10T05:13:34.848Z GET /api/issues/detailIssue/6278fdd0f388b3297eff3ae3 200 223 - 63.417 ms
2022-05-10T05:13:38.841Z PUT /api/issues/updateIssue/6278fdd0f388b3297eff3ae3 200 40 - 135.608 ms
2022-05-10T05:13:40.037Z GET /api/issues/detailIssue/6278fdd0f388b3297eff3ae3 200 229 - 65.956 ms
2022-05-10T05:13:44.347Z PUT /api/issues/updateIssue/6278fdd0f388b3297eff3ae3 200 40 - 67.769 ms
2022-05-10T05:13:45.010Z GET /api/issues/detailIssue/6278fdd0f388b3297eff3ae3 200 227 - 68.293 ms
2022-05-10T05:18:01.186Z GET /api/issues/getIssue/626b7bb9e640ff669441da59 200 466 - 135.355 ms
2022-05-10T05:18:01.200Z GET /api/projects/getProject/626b7bb9e640ff669441da59 304 - - 124.345 ms
2022-05-10T05:18:02.932Z GET /api/users/getUser/626b7bb9e640ff669441da59 304 - - 60.732 ms
2022-05-10T05:18:02.944Z GET /api/users/getAll 304 - - 75.703 ms
2022-05-10T05:18:04.520Z GET /api/issues/getProjectIssue/6274f1955ab7c1de29dafb3a 200 2 - 71.815 ms
2022-05-10T05:18:06.443Z GET /api/users/getUser/626b7bb9e640ff669441da59 304 - - 72.657 ms
2022-05-10T05:18:06.462Z GET /api/users/getAll 304 - - 95.984 ms
2022-05-10T05:18:11.848Z GET /api/issues/getProjectIssue/6274f1955ab7c1de29dafb3a 304 - - 61.606 ms
2022-05-10T05:18:13.336Z GET /api/projects/getProject/626b7bb9e640ff669441da59 304 - - 59.125 ms
2022-05-10T05:18:13.352Z GET /api/issues/getIssue/626b7bb9e640ff669441da59 304 - - 78.199 ms
2022-05-10T05:18:14.645Z GET /api/issues/detailIssue/62752391cd41c815dc241658 304 - - 63.344 ms
2022-05-10T05:18:38.324Z GET /api/issues/detailIssue/62752391cd41c815dc241658 304 - - 1167.427 ms
2022-05-10T05:18:44.245Z GET /api/issues/detailIssue/62752391cd41c815dc241658 304 - - 67.029 ms
2022-05-10T05:18:48.640Z PUT /api/issues/updateIssue/62752391cd41c815dc241658 200 40 - 94.710 ms
2022-05-10T05:18:57.374Z PUT /api/issues/updateIssue/62752391cd41c815dc241658 200 40 - 65.931 ms
2022-05-10T05:19:11.475Z GET /api/issues/detailIssue/62752391cd41c815dc241658 200 226 - 733.232 ms
2022-05-10T05:19:39.406Z PUT /api/issues/updateIssue/62752391cd41c815dc241658 200 40 - 101.251 ms
2022-05-10T05:19:40.269Z GET /api/issues/detailIssue/62752391cd41c815dc241658 200 232 - 88.827 ms
2022-05-10T09:03:16.765Z POST /api/users/register 404 32 - 958.013 ms
2022-05-10T09:03:17.087Z POST /api/users/login 200 239 - 300.749 ms
